<?xml version="1.0" encoding="UTF-8"?>
<coverage generated="1690508250089" clover="3.2.0">
  <project timestamp="1690508250090" name="All files">
    <metrics statements="36" coveredstatements="34" conditionals="14" coveredconditionals="14" methods="14" coveredmethods="12" elements="64" coveredelements="60" complexity="0" loc="36" ncloc="36" packages="1" files="1" classes="1"/>
    <file name="robot.js" path="/home/gomezjuan/MIR-bootcamp/clases/challenges/robot-simulator/robot.js">
      <metrics statements="36" coveredstatements="34" conditionals="14" coveredconditionals="14" methods="14" coveredmethods="12"/>
      <line num="2" count="9" type="stmt"/>
      <line num="3" count="9" type="stmt"/>
      <line num="4" count="9" type="stmt"/>
      <line num="5" count="9" type="stmt"/>
      <line num="8" count="9" type="stmt"/>
      <line num="9" count="9" type="stmt"/>
      <line num="10" count="9" type="stmt"/>
      <line num="11" count="9" type="cond" truecount="2" falsecount="0"/>
      <line num="12" count="1" type="stmt"/>
      <line num="15" count="8" type="cond" truecount="6" falsecount="0"/>
      <line num="16" count="2" type="stmt"/>
      <line num="19" count="6" type="stmt"/>
      <line num="21" count="3" type="stmt"/>
      <line num="26" count="6" type="stmt"/>
      <line num="27" count="6" type="cond" truecount="6" falsecount="0"/>
      <line num="28" count="1" type="stmt"/>
      <line num="31" count="5" type="stmt"/>
      <line num="33" count="1" type="stmt"/>
      <line num="38" count="4" type="stmt"/>
      <line num="39" count="2" type="stmt"/>
      <line num="40" count="0" type="stmt"/>
      <line num="41" count="2" type="stmt"/>
      <line num="42" count="0" type="stmt"/>
      <line num="45" count="4" type="stmt"/>
      <line num="49" count="2" type="stmt"/>
      <line num="50" count="2" type="stmt"/>
      <line num="54" count="3" type="stmt"/>
      <line num="55" count="3" type="stmt"/>
      <line num="60" count="1" type="stmt"/>
      <line num="61" count="3" type="stmt"/>
      <line num="62" count="1" type="stmt"/>
      <line num="63" count="2" type="stmt"/>
      <line num="65" count="1" type="stmt"/>
      <line num="66" count="6" type="stmt"/>
      <line num="70" count="9" type="stmt"/>
      <line num="80" count="1" type="stmt"/>
    </file>
  </project>
</coverage>
