{"/home/gomezjuan/MIR-bootcamp/clases/challenges/robot-simulator/robot.js": {"path":"/home/gomezjuan/MIR-bootcamp/clases/challenges/robot-simulator/robot.js","statementMap":{"0":{"start":{"line":2,"column":27},"end":{"line":2,"column":61}},"1":{"start":{"line":3,"column":10},"end":{"line":3,"column":12}},"2":{"start":{"line":4,"column":10},"end":{"line":4,"column":12}},"3":{"start":{"line":5,"column":20},"end":{"line":5,"column":29}},"4":{"start":{"line":8,"column":2},"end":{"line":23,"column":6}},"5":{"start":{"line":9,"column":4},"end":{"line":22,"column":5}},"6":{"start":{"line":10,"column":22},"end":{"line":10,"column":58}},"7":{"start":{"line":11,"column":6},"end":{"line":13,"column":7}},"8":{"start":{"line":12,"column":8},"end":{"line":12,"column":46}},"9":{"start":{"line":15,"column":6},"end":{"line":17,"column":7}},"10":{"start":{"line":16,"column":8},"end":{"line":16,"column":46}},"11":{"start":{"line":19,"column":6},"end":{"line":19,"column":44}},"12":{"start":{"line":21,"column":6},"end":{"line":21,"column":29}},"13":{"start":{"line":26,"column":4},"end":{"line":34,"column":5}},"14":{"start":{"line":27,"column":6},"end":{"line":29,"column":7}},"15":{"start":{"line":28,"column":8},"end":{"line":28,"column":40}},"16":{"start":{"line":31,"column":6},"end":{"line":31,"column":49}},"17":{"start":{"line":33,"column":6},"end":{"line":33,"column":26}},"18":{"start":{"line":38,"column":20},"end":{"line":43,"column":5}},"19":{"start":{"line":39,"column":19},"end":{"line":39,"column":25}},"20":{"start":{"line":40,"column":19},"end":{"line":40,"column":25}},"21":{"start":{"line":41,"column":18},"end":{"line":41,"column":24}},"22":{"start":{"line":42,"column":18},"end":{"line":42,"column":24}},"23":{"start":{"line":45,"column":4},"end":{"line":45,"column":26}},"24":{"start":{"line":49,"column":19},"end":{"line":49,"column":66}},"25":{"start":{"line":50,"column":4},"end":{"line":50,"column":44}},"26":{"start":{"line":54,"column":15},"end":{"line":54,"column":66}},"27":{"start":{"line":55,"column":4},"end":{"line":55,"column":40}},"28":{"start":{"line":60,"column":20},"end":{"line":64,"column":5}},"29":{"start":{"line":61,"column":15},"end":{"line":61,"column":24}},"30":{"start":{"line":62,"column":15},"end":{"line":62,"column":26}},"31":{"start":{"line":63,"column":15},"end":{"line":63,"column":25}},"32":{"start":{"line":65,"column":4},"end":{"line":67,"column":5}},"33":{"start":{"line":66,"column":6},"end":{"line":66,"column":26}},"34":{"start":{"line":70,"column":2},"end":{"line":77,"column":3}},"35":{"start":{"line":80,"column":0},"end":{"line":80,"column":28}}},"fnMap":{"0":{"name":"createRobot","decl":{"start":{"line":1,"column":9},"end":{"line":1,"column":20}},"loc":{"start":{"line":1,"column":42},"end":{"line":78,"column":1}},"line":1},"1":{"name":"validateParameters","decl":{"start":{"line":8,"column":12},"end":{"line":8,"column":30}},"loc":{"start":{"line":8,"column":33},"end":{"line":23,"column":3}},"line":8},"2":{"name":"getPosition","decl":{"start":{"line":25,"column":11},"end":{"line":25,"column":22}},"loc":{"start":{"line":25,"column":25},"end":{"line":35,"column":3}},"line":25},"3":{"name":"advance","decl":{"start":{"line":37,"column":11},"end":{"line":37,"column":18}},"loc":{"start":{"line":37,"column":21},"end":{"line":46,"column":3}},"line":37},"4":{"name":"(anonymous_4)","decl":{"start":{"line":39,"column":13},"end":{"line":39,"column":14}},"loc":{"start":{"line":39,"column":19},"end":{"line":39,"column":25}},"line":39},"5":{"name":"(anonymous_5)","decl":{"start":{"line":40,"column":13},"end":{"line":40,"column":14}},"loc":{"start":{"line":40,"column":19},"end":{"line":40,"column":25}},"line":40},"6":{"name":"(anonymous_6)","decl":{"start":{"line":41,"column":12},"end":{"line":41,"column":13}},"loc":{"start":{"line":41,"column":18},"end":{"line":41,"column":24}},"line":41},"7":{"name":"(anonymous_7)","decl":{"start":{"line":42,"column":12},"end":{"line":42,"column":13}},"loc":{"start":{"line":42,"column":18},"end":{"line":42,"column":24}},"line":42},"8":{"name":"turnRight","decl":{"start":{"line":48,"column":11},"end":{"line":48,"column":20}},"loc":{"start":{"line":48,"column":23},"end":{"line":51,"column":3}},"line":48},"9":{"name":"turnLeft","decl":{"start":{"line":53,"column":11},"end":{"line":53,"column":19}},"loc":{"start":{"line":53,"column":22},"end":{"line":56,"column":3}},"line":53},"10":{"name":"instructions","decl":{"start":{"line":59,"column":11},"end":{"line":59,"column":23}},"loc":{"start":{"line":59,"column":32},"end":{"line":68,"column":3}},"line":59},"11":{"name":"(anonymous_11)","decl":{"start":{"line":61,"column":9},"end":{"line":61,"column":10}},"loc":{"start":{"line":61,"column":15},"end":{"line":61,"column":24}},"line":61},"12":{"name":"(anonymous_12)","decl":{"start":{"line":62,"column":9},"end":{"line":62,"column":10}},"loc":{"start":{"line":62,"column":15},"end":{"line":62,"column":26}},"line":62},"13":{"name":"(anonymous_13)","decl":{"start":{"line":63,"column":9},"end":{"line":63,"column":10}},"loc":{"start":{"line":63,"column":15},"end":{"line":63,"column":25}},"line":63}},"branchMap":{"0":{"loc":{"start":{"line":11,"column":6},"end":{"line":13,"column":7}},"type":"if","locations":[{"start":{"line":11,"column":6},"end":{"line":13,"column":7}},{"start":{},"end":{}}],"line":11},"1":{"loc":{"start":{"line":15,"column":6},"end":{"line":17,"column":7}},"type":"if","locations":[{"start":{"line":15,"column":6},"end":{"line":17,"column":7}},{"start":{},"end":{}}],"line":15},"2":{"loc":{"start":{"line":15,"column":10},"end":{"line":15,"column":44}},"type":"binary-expr","locations":[{"start":{"line":15,"column":10},"end":{"line":15,"column":16}},{"start":{"line":15,"column":20},"end":{"line":15,"column":26}},{"start":{"line":15,"column":30},"end":{"line":15,"column":35}},{"start":{"line":15,"column":39},"end":{"line":15,"column":44}}],"line":15},"3":{"loc":{"start":{"line":27,"column":6},"end":{"line":29,"column":7}},"type":"if","locations":[{"start":{"line":27,"column":6},"end":{"line":29,"column":7}},{"start":{},"end":{}}],"line":27},"4":{"loc":{"start":{"line":27,"column":10},"end":{"line":27,"column":44}},"type":"binary-expr","locations":[{"start":{"line":27,"column":10},"end":{"line":27,"column":16}},{"start":{"line":27,"column":20},"end":{"line":27,"column":26}},{"start":{"line":27,"column":30},"end":{"line":27,"column":35}},{"start":{"line":27,"column":39},"end":{"line":27,"column":44}}],"line":27}},"s":{"0":9,"1":9,"2":9,"3":9,"4":9,"5":9,"6":9,"7":9,"8":1,"9":8,"10":2,"11":6,"12":3,"13":6,"14":6,"15":1,"16":5,"17":1,"18":4,"19":2,"20":0,"21":2,"22":0,"23":4,"24":2,"25":2,"26":3,"27":3,"28":1,"29":3,"30":1,"31":2,"32":1,"33":6,"34":9,"35":1},"f":{"0":9,"1":9,"2":6,"3":4,"4":2,"5":0,"6":2,"7":0,"8":2,"9":3,"10":1,"11":3,"12":1,"13":2},"b":{"0":[1,8],"1":[2,6],"2":[8,6,6,6],"3":[1,5],"4":[6,5,5,5]},"_coverageSchema":"1a1c01bbd47fc00a2c39e90264f33305004495a9","hash":"c184e2389138f23ad167147d7007462698ff9d70"}
}
