TN:
SF:robot.js
FN:1,createRobot
FN:8,validateParameters
FN:25,getPosition
FN:37,advance
FN:39,(anonymous_4)
FN:40,(anonymous_5)
FN:41,(anonymous_6)
FN:42,(anonymous_7)
FN:48,turnRight
FN:53,turnLeft
FN:59,instructions
FN:61,(anonymous_11)
FN:62,(anonymous_12)
FN:63,(anonymous_13)
FNF:14
FNH:12
FNDA:9,createRobot
FNDA:9,validateParameters
FNDA:6,getPosition
FNDA:4,advance
FNDA:2,(anonymous_4)
FNDA:0,(anonymous_5)
FNDA:2,(anonymous_6)
FNDA:0,(anonymous_7)
FNDA:2,turnRight
FNDA:3,turnLeft
FNDA:1,instructions
FNDA:3,(anonymous_11)
FNDA:1,(anonymous_12)
FNDA:2,(anonymous_13)
DA:2,9
DA:3,9
DA:4,9
DA:5,9
DA:8,9
DA:9,9
DA:10,9
DA:11,9
DA:12,1
DA:15,8
DA:16,2
DA:19,6
DA:21,3
DA:26,6
DA:27,6
DA:28,1
DA:31,5
DA:33,1
DA:38,4
DA:39,2
DA:40,0
DA:41,2
DA:42,0
DA:45,4
DA:49,2
DA:50,2
DA:54,3
DA:55,3
DA:60,1
DA:61,3
DA:62,1
DA:63,2
DA:65,1
DA:66,6
DA:70,9
DA:80,1
LF:36
LH:34
BRDA:11,0,0,1
BRDA:11,0,1,8
BRDA:15,1,0,2
BRDA:15,1,1,6
BRDA:15,2,0,8
BRDA:15,2,1,6
BRDA:15,2,2,6
BRDA:15,2,3,6
BRDA:27,3,0,1
BRDA:27,3,1,5
BRDA:27,4,0,6
BRDA:27,4,1,5
BRDA:27,4,2,5
BRDA:27,4,3,5
BRF:14
BRH:14
end_of_record
